{
  "RSpec": {
    "coverage": {
      "/var/www/html/airantelles/teste-ruby-airan/app/models/customer.rb": {
        "lines": [
          1,
          1,
          1,
          1,
          null,
          1,
          null
        ]
      },
      "/var/www/html/airantelles/teste-ruby-airan/app/models/application_record.rb": {
        "lines": [
          1,
          1,
          null
        ]
      },
      "/var/www/html/airantelles/teste-ruby-airan/spec/models/invoice_spec.rb": {
        "lines": [
          1,
          null,
          1,
          7,
          null,
          1,
          1,
          null,
          null,
          null,
          null,
          null,
          1,
          null,
          null,
          1,
          1,
          null,
          null,
          null,
          null,
          1,
          null,
          null,
          1,
          1,
          null,
          null,
          null,
          null,
          1,
          null,
          null,
          1,
          1,
          null,
          null,
          null,
          null,
          null,
          1,
          null,
          null,
          1,
          1,
          null,
          null,
          null,
          null,
          null,
          1,
          null,
          null,
          1,
          1,
          null,
          null,
          null,
          null,
          null,
          1,
          null,
          null,
          1,
          1,
          1,
          null,
          null
        ]
      },
      "/var/www/html/airantelles/teste-ruby-airan/app/models/invoice.rb": {
        "lines": [
          1,
          1,
          null,
          1,
          1,
          null
        ]
      },
      "/var/www/html/airantelles/teste-ruby-airan/spec/models/invoice_type_spec.rb": {
        "lines": [
          1,
          null,
          1,
          1,
          1,
          1,
          null,
          null,
          1,
          1,
          1,
          null,
          null,
          1,
          1,
          1,
          1,
          null,
          null
        ]
      },
      "/var/www/html/airantelles/teste-ruby-airan/app/models/invoice_type.rb": {
        "lines": [
          1,
          1,
          null
        ]
      }
    },
    "timestamp": 1697310641
  }
}
